<?xml version="1.0" encoding="UTF-8" ?>
<testsuite tests="6" failures="2" name="testrunner.TestRuns" time="9.876" errors="0" skipped="0">
  <properties>
[...]
</properties>
  <testcase classname="Feature to test the Rates API&apos;s" name="User give an incorrect or incomplete url and validate the correct expected response" time="4.911"/>
  <testcase classname="Feature to test the Rates API&apos;s" name="To validate the success status code when user hit the Rates API for Specific date Foreign Exchange rates" time="0.824"/>
  <testcase classname="Feature to test the Rates API&apos;s" name="Validate the values of response for Rates API for Specific date Foreign Exchange rates" time="1.659"/>
  <testcase classname="Feature to test the Rates API&apos;s" name="To validate the response matches for the current date when a future date is provided in the url" time="0.969"/>
  <testcase classname="Feature to test the Rates API&apos;s" name="Validate the success status of Rates API for Latest Foreign Exchange rates" time="0.801">
    <failure message="1 expectation failed.
Expected status code &lt;200&gt; but was &lt;404&gt;.
" type="java.lang.AssertionError">java.lang.AssertionError: 1 expectation failed.
Expected status code &lt;200&gt; but was &lt;404&gt;.

	at sun.reflect.NativeConstructorAccessorImpl.newInstance0(Native Method)
	at sun.reflect.NativeConstructorAccessorImpl.newInstance(NativeConstructorAccessorImpl.java:62)
	at sun.reflect.DelegatingConstructorAccessorImpl.newInstance(DelegatingConstructorAccessorImpl.java:45)
	at java.lang.reflect.Constructor.newInstance(Constructor.java:423)
	at org.codehaus.groovy.reflection.CachedConstructor.invoke(CachedConstructor.java:72)
	at org.codehaus.groovy.reflection.CachedConstructor.doConstructorInvoke(CachedConstructor.java:59)
	at org.codehaus.groovy.runtime.callsite.ConstructorSite$ConstructorSiteNoUnwrap.callConstructor(ConstructorSite.java:84)
	at org.codehaus.groovy.runtime.callsite.CallSiteArray.defaultCallConstructor(CallSiteArray.java:59)
	at org.codehaus.groovy.runtime.callsite.AbstractCallSite.callConstructor(AbstractCallSite.java:263)
	at org.codehaus.groovy.runtime.callsite.AbstractCallSite.callConstructor(AbstractCallSite.java:277)
	at io.restassured.internal.ResponseSpecificationImpl$HamcrestAssertionClosure.validate(ResponseSpecificationImpl.groovy:493)
	at io.restassured.internal.ResponseSpecificationImpl$HamcrestAssertionClosure$validate$1.call(Unknown Source)
	at io.restassured.internal.ResponseSpecificationImpl.validateResponseIfRequired(ResponseSpecificationImpl.groovy:674)
	at sun.reflect.NativeMethodAccessorImpl.invoke0(Native Method)
	at sun.reflect.NativeMethodAccessorImpl.invoke(NativeMethodAccessorImpl.java:62)
	at sun.reflect.DelegatingMethodAccessorImpl.invoke(DelegatingMethodAccessorImpl.java:43)
	at java.lang.reflect.Method.invoke(Method.java:498)
	at org.codehaus.groovy.runtime.callsite.PlainObjectMetaMethodSite.doInvoke(PlainObjectMetaMethodSite.java:43)
	at org.codehaus.groovy.runtime.callsite.PogoMetaMethodSite$PogoCachedMethodSiteNoUnwrapNoCoerce.invoke(PogoMetaMethodSite.java:193)
	at org.codehaus.groovy.runtime.callsite.PogoMetaMethodSite.callCurrent(PogoMetaMethodSite.java:61)
	at org.codehaus.groovy.runtime.callsite.AbstractCallSite.callCurrent(AbstractCallSite.java:185)
	at io.restassured.internal.ResponseSpecificationImpl.statusCode(ResponseSpecificationImpl.groovy:126)
	at io.restassured.specification.ResponseSpecification$statusCode$0.callCurrent(Unknown Source)
	at io.restassured.internal.ResponseSpecificationImpl.statusCode(ResponseSpecificationImpl.groovy:134)
	at io.restassured.internal.ValidatableResponseOptionsImpl.statusCode(ValidatableResponseOptionsImpl.java:89)
	at io.restassured.internal.ValidatableResponseImpl.super$2$statusCode(ValidatableResponseImpl.groovy)
	at sun.reflect.NativeMethodAccessorImpl.invoke0(Native Method)
	at sun.reflect.NativeMethodAccessorImpl.invoke(NativeMethodAccessorImpl.java:62)
	at sun.reflect.DelegatingMethodAccessorImpl.invoke(DelegatingMethodAccessorImpl.java:43)
	at java.lang.reflect.Method.invoke(Method.java:498)
	at org.codehaus.groovy.reflection.CachedMethod.invoke(CachedMethod.java:107)
	at groovy.lang.MetaMethod.doMethodInvoke(MetaMethod.java:323)
	at groovy.lang.MetaClassImpl.invokeMethod(MetaClassImpl.java:1267)
	at org.codehaus.groovy.runtime.ScriptBytecodeAdapter.invokeMethodOnSuperN(ScriptBytecodeAdapter.java:144)
	at io.restassured.internal.ValidatableResponseImpl.statusCode(ValidatableResponseImpl.groovy:142)
	at io.restassured.internal.ValidatableResponseImpl.statusCode(ValidatableResponseImpl.groovy)
	at apimethods.ApiLib.validateStatusCode(ApiLib.java:39)
	at stepdefinitions.ApiStepDef.statusCode(ApiStepDef.java:28)
	at ✽.User validate the status of response as &quot;200&quot;(file:src/test/java/features/RatesAPI.feature:60)
</failure>
    <system-out>
  @StatusValidation
  Scenario Outline: Validate the success status of Rates API for Latest Foreign Exchange rates # src/test/java/features/RatesAPI.feature:55
    Given User hit the GET Request with parameters &quot;&lt;param&gt;&quot;
    When API is available
    Then User validate the status of response as &quot;&lt;statusCode&gt;&quot;

    Examples: 

  @StatusValidation
  Scenario Outline: Validate the success status of Rates API for Latest Foreign Exchange rates # src/test/java/features/RatesAPI.feature:64
    Given User hit the GET Request with parameters &quot;/api/latest HTTP/2&quot;                        # ApiStepDef.User_hit_the_GET_Request_with_parameters(String)
    When API is available                                                                      # ApiStepDef.API_is_available()
    Then User validate the status of response as &quot;200&quot;                                         # ApiStepDef.statusCode(int)
      java.lang.AssertionError: 1 expectation failed.
Expected status code &lt;200&gt; but was &lt;404&gt;.

	at sun.reflect.NativeConstructorAccessorImpl.newInstance0(Native Method)
	at sun.reflect.NativeConstructorAccessorImpl.newInstance(NativeConstructorAccessorImpl.java:62)
	at sun.reflect.DelegatingConstructorAccessorImpl.newInstance(DelegatingConstructorAccessorImpl.java:45)
	at java.lang.reflect.Constructor.newInstance(Constructor.java:423)
	at org.codehaus.groovy.reflection.CachedConstructor.invoke(CachedConstructor.java:72)
	at org.codehaus.groovy.reflection.CachedConstructor.doConstructorInvoke(CachedConstructor.java:59)
	at org.codehaus.groovy.runtime.callsite.ConstructorSite$ConstructorSiteNoUnwrap.callConstructor(ConstructorSite.java:84)
	at org.codehaus.groovy.runtime.callsite.CallSiteArray.defaultCallConstructor(CallSiteArray.java:59)
	at org.codehaus.groovy.runtime.callsite.AbstractCallSite.callConstructor(AbstractCallSite.java:263)
	at org.codehaus.groovy.runtime.callsite.AbstractCallSite.callConstructor(AbstractCallSite.java:277)
	at io.restassured.internal.ResponseSpecificationImpl$HamcrestAssertionClosure.validate(ResponseSpecificationImpl.groovy:493)
	at io.restassured.internal.ResponseSpecificationImpl$HamcrestAssertionClosure$validate$1.call(Unknown Source)
	at io.restassured.internal.ResponseSpecificationImpl.validateResponseIfRequired(ResponseSpecificationImpl.groovy:674)
	at sun.reflect.NativeMethodAccessorImpl.invoke0(Native Method)
	at sun.reflect.NativeMethodAccessorImpl.invoke(NativeMethodAccessorImpl.java:62)
	at sun.reflect.DelegatingMethodAccessorImpl.invoke(DelegatingMethodAccessorImpl.java:43)
	at java.lang.reflect.Method.invoke(Method.java:498)
	at org.codehaus.groovy.runtime.callsite.PlainObjectMetaMethodSite.doInvoke(PlainObjectMetaMethodSite.java:43)
	at org.codehaus.groovy.runtime.callsite.PogoMetaMethodSite$PogoCachedMethodSiteNoUnwrapNoCoerce.invoke(PogoMetaMethodSite.java:193)
	at org.codehaus.groovy.runtime.callsite.PogoMetaMethodSite.callCurrent(PogoMetaMethodSite.java:61)
	at org.codehaus.groovy.runtime.callsite.AbstractCallSite.callCurrent(AbstractCallSite.java:185)
	at io.restassured.internal.ResponseSpecificationImpl.statusCode(ResponseSpecificationImpl.groovy:126)
	at io.restassured.specification.ResponseSpecification$statusCode$0.callCurrent(Unknown Source)
	at io.restassured.internal.ResponseSpecificationImpl.statusCode(ResponseSpecificationImpl.groovy:134)
	at io.restassured.internal.ValidatableResponseOptionsImpl.statusCode(ValidatableResponseOptionsImpl.java:89)
	at io.restassured.internal.ValidatableResponseImpl.super$2$statusCode(ValidatableResponseImpl.groovy)
	at sun.reflect.NativeMethodAccessorImpl.invoke0(Native Method)
	at sun.reflect.NativeMethodAccessorImpl.invoke(NativeMethodAccessorImpl.java:62)
	at sun.reflect.DelegatingMethodAccessorImpl.invoke(DelegatingMethodAccessorImpl.java:43)
	at java.lang.reflect.Method.invoke(Method.java:498)
	at org.codehaus.groovy.reflection.CachedMethod.invoke(CachedMethod.java:107)
	at groovy.lang.MetaMethod.doMethodInvoke(MetaMethod.java:323)
	at groovy.lang.MetaClassImpl.invokeMethod(MetaClassImpl.java:1267)
	at org.codehaus.groovy.runtime.ScriptBytecodeAdapter.invokeMethodOnSuperN(ScriptBytecodeAdapter.java:144)
	at io.restassured.internal.ValidatableResponseImpl.statusCode(ValidatableResponseImpl.groovy:142)
	at io.restassured.internal.ValidatableResponseImpl.statusCode(ValidatableResponseImpl.groovy)
	at apimethods.ApiLib.validateStatusCode(ApiLib.java:39)
	at stepdefinitions.ApiStepDef.statusCode(ApiStepDef.java:28)
	at ?.User validate the status of response as &quot;200&quot;(file:src/test/java/features/RatesAPI.feature:60)

</system-out>
  </testcase>
  <testcase classname="Feature to test the Rates API&apos;s" name="Validate the success status of Rates API for Latest Foreign Exchange rates" time="0.712">
    <failure type="java.lang.AssertionError">java.lang.AssertionError
	at org.junit.Assert.fail(Assert.java:87)
	at org.junit.Assert.assertTrue(Assert.java:42)
	at org.junit.Assert.assertTrue(Assert.java:53)
	at apimethods.ApiLib.validateResponse(ApiLib.java:50)
	at stepdefinitions.ApiStepDef.responseValidation(ApiStepDef.java:34)
	at ✽.User validate the response(file:src/test/java/features/RatesAPI.feature:74)
</failure>
    <system-out>
  @ValidateResponseForLatestFER
  Scenario Outline: Validate the success status of Rates API for Latest Foreign Exchange rates # src/test/java/features/RatesAPI.feature:69
    Given User hit the GET Request with parameters &quot;&lt;param&gt;&quot;
    When API is available
    Then User validate the response

    Examples: 

  @ValidateResponseForLatestFER
  Scenario Outline: Validate the success status of Rates API for Latest Foreign Exchange rates # src/test/java/features/RatesAPI.feature:78
    Given User hit the GET Request with parameters &quot;/api/latest HTTP/2&quot;                        # ApiStepDef.User_hit_the_GET_Request_with_parameters(String)
    When API is available                                                                      # ApiStepDef.API_is_available()
Output Resposnse:Error: Requested URL /api/latest HTTP/2 not found
    Then User validate the response                                                            # ApiStepDef.responseValidation()
      java.lang.AssertionError
	at org.junit.Assert.fail(Assert.java:87)
	at org.junit.Assert.assertTrue(Assert.java:42)
	at org.junit.Assert.assertTrue(Assert.java:53)
	at apimethods.ApiLib.validateResponse(ApiLib.java:50)
	at stepdefinitions.ApiStepDef.responseValidation(ApiStepDef.java:34)
	at ?.User validate the response(file:src/test/java/features/RatesAPI.feature:74)

</system-out>
  </testcase>
</testsuite>